A D/AtmarkTechno////
A D/LEOX////
A D/MAI////
A D/Marvell////
A D/RPXClassic////
A D/RPXlite////
A D/RPXlite_dw////
A D/RRvision////
A D/a3000////
A D/adder////
A D/adderII////
A D/adsvix////
A D/alaska////
A D/altera////
A D/amcc////
A D/amirix////
A D/armadillo////
A D/assabet////
A D/at91rm9200dk////
A D/atc////
A D/barco////
A D/bc3450////
A D/bmw////
A D/bubinga405ep////
A D/c2mon////
A D/canmb////
A D/cds////
A D/cerf250////
A D/cm4008////
A D/cm41xx////
A D/cmc_pu2////
A D/cmi////
A D/cobra5272////
A D/cogent////
A D/cpc45////
A D/cpu86////
A D/cpu87////
A D/cradle////
A D/cray////
A D/csb226////
A D/csb272////
A D/csb472////
A D/csb637////
A D/cu824////
A D/dave////
A D/dbau1x00////
A D/delta////
A D/dk1c20////
A D/dnp1110////
A D/eXalion////
A D/ebony////
A D/eltec////
A D/emk////
A D/ep7312////
A D/ep8248////
A D/ep8260////
A D/ep88x////
A D/eric////
A D/esd////
A D/esteem192e////
A D/etin////
A D/etx094////
A D/evb4510////
A D/evb64260////
A D/exbitgen////
A D/ezkit533////
A D/fads////
A D/flagadm////
A D/funkwerk////
A D/g2000////
A D/gcplus////
A D/gen860t////
A D/genietv////
A D/gth////
A D/gw8260////
A D/hermes////
A D/hidden_dragon////
A D/hmi1001////
A D/hymod////
A D/icecube////
A D/icu862////
A D/ids8247////
A D/impa7////
A D/incaip////
A D/inka4x0////
A D/innokom////
A D/integratorap////
A D/integratorcp////
A D/ip860////
A D/iphase4539////
A D/ispan////
A D/ivm////
A D/ixdp425////
A D/jse////
A D/kb9202////
A D/kup////
A D/kup4k////
A D/lantec////
A D/lart////
A D/logodl////
A D/lpd7a40x////
A D/lubbock////
A D/lwmon////
A D/m5272c3////
A D/m5282evb////
A D/mbx8xx////
A D/mcc200////
A D/ml2////
A D/modnet50////
A D/mousse////
A D/mp2usb////
A D/mpc8260ads////
A D/mpc8266ads////
A D/mpc8349ads////
A D/mpc8349emds////
A D/mpc8540ads////
A D/mpc8540eval////
A D/mpc8560ads////
A D/mpl////
A D/musenki////
A D/mvblue////
A D/mvs1////
A D/mx1ads////
A D/mx1fs2////
A D/nc650////
A D/netphone////
A D/netstar////
A D/netta////
A D/netta2////
A D/netvia////
A D/ns9750dev////
A D/nx823////
A D/o2dnt////
A D/ocotea////
A D/omap1510inn////
A D/omap1610inn////
A D/omap2420h4////
A D/omap5912osk////
A D/omap730p2////
A D/oxc////
A D/pb1x00////
A D/pcippc2////
A D/pleb2////
A D/pm520////
A D/pm826////
A D/pm828////
A D/pm854////
A D/pm856////
A D/pn62////
A D/ppmc8260////
A D/prodrive////
A D/psyent////
A D/purple////
A D/pxa255_idp////
A D/quantum////
A D/r360mpi////
A D/rattler////
A D/rbc823////
A D/rmu////
A D/rpxsuper////
A D/rsdproto////
A D/sacsng////
A D/sandburst////
A D/sandpoint////
A D/sbc405////
A D/sbc8240////
A D/sbc8260////
A D/sbc8560////
A D/sc520_cdp////
A D/sc520_spunk////
A D/scb9328////
A D/shannon////
A D/siemens////
A D/sixnet////
A D/sl8245////
A D/smdk2400////
A D/smdk2410////
A D/snmc////
A D/sorcery////
A D/spd8xx////
A D/ssv////
A D/stamp////
A D/stxgp3////
A D/stxxtc////
A D/svm_sc8xx////
A D/sx1////
A D/tb0229////
A D/total5200////
A D/tqm5200////
A D/tqm8260////
A D/tqm834x////
A D/tqm8540////
A D/tqm8560////
A D/tqm85xx////
A D/tqm8xx////
A D/trab////
A D/uc100////
A D/utx8245////
A D/v37////
A D/versatile////
A D/voiceblue////
A D/w7o////
A D/walnut405////
A D/wepep250////
A D/westel////
A D/xaeniax////
A D/xilinx////
A D/xm250////
A D/xpedite1k////
A D/xsengine////
A D/zpc1900////
A D/zylonite////
