This file contains any messages produced by compilers while
running configure, to aid debugging if configure makes a mistake.

It was created by openocd configure 0.7.0, which was
generated by GNU Autoconf 2.69.  Invocation command line was

  $ ./configure --enable-ftdi --enable-usbprog --enable-libusb0

## --------- ##
## Platform. ##
## --------- ##

hostname = cxlabs
uname -m = x86_64
uname -r = 3.2.45
uname -s = Linux
uname -v = #11 SMP Tue Nov 26 02:34:40 CET 2013

/usr/bin/uname -p = AMD Athlon(tm) 64 X2 Dual Core Processor 3600+
/bin/uname -X     = unknown

/bin/arch              = x86_64
/usr/bin/arch -k       = unknown
/usr/convex/getsysinfo = unknown
/usr/bin/hostinfo      = unknown
/bin/machine           = unknown
/usr/bin/oslevel       = unknown
/bin/universe          = unknown

PATH: /usr/local/sbin
PATH: /usr/sbin
PATH: /sbin
PATH: /usr/local/bin
PATH: /usr/bin
PATH: /bin
PATH: /usr/games
PATH: /usr/lib64/kde4/libexec
PATH: /usr/lib64/qt/bin
PATH: /usr/share/texmf/bin
PATH: ~/scripts
PATH: /usr/local/angstrom/arm/bin
PATH: /usr/local/avr8-gnu-toolchain-linux_x86_64/bin


## ----------- ##
## Core tests. ##
## ----------- ##

configure:2551: checking for a BSD-compatible install
configure:2619: result: /usr/bin/ginstall -c
configure:2630: checking whether build environment is sane
configure:2685: result: yes
configure:2836: checking for a thread-safe mkdir -p
configure:2875: result: /usr/bin/mkdir -p
configure:2882: checking for gawk
configure:2898: found /usr/bin/gawk
configure:2909: result: gawk
configure:2920: checking whether make sets $(MAKE)
configure:2942: result: yes
configure:2971: checking whether make supports nested variables
configure:2988: result: yes
configure:3068: checking whether to enable maintainer-specific portions of Makefiles
configure:3077: result: no
configure:3149: checking for gcc
configure:3165: found /usr/bin/gcc
configure:3176: result: gcc
configure:3405: checking for C compiler version
configure:3414: gcc --version >&5
gcc (GCC) 4.7.1
Copyright (C) 2012 Free Software Foundation, Inc.
This is free software; see the source for copying conditions.  There is NO
warranty; not even for MERCHANTABILITY or FITNESS FOR A PARTICULAR PURPOSE.

configure:3425: $? = 0
configure:3414: gcc -v >&5
Reading specs from /usr/lib64/gcc/x86_64-slackware-linux/4.7.1/specs
COLLECT_GCC=gcc
COLLECT_LTO_WRAPPER=/usr/libexec/gcc/x86_64-slackware-linux/4.7.1/lto-wrapper
Target: x86_64-slackware-linux
Configured with: ../gcc-4.7.1/configure --prefix=/usr --libdir=/usr/lib64 --mandir=/usr/man --infodir=/usr/info --enable-shared --enable-bootstrap --enable-languages=ada,c,c++,fortran,go,java,lto,objc --enable-threads=posix --enable-checking=release --enable-objc-gc --with-system-zlib --with-python-dir=/lib64/python2.7/site-packages --disable-libunwind-exceptions --enable-__cxa_atexit --enable-libssp --enable-lto --with-gnu-ld --verbose --enable-java-home --with-java-home=/usr/lib64/jvm/jre --with-jvm-root-dir=/usr/lib64/jvm --with-jvm-jar-dir=/usr/lib64/jvm/jvm-exports --with-arch-directory=amd64 --with-antlr-jar=/slack/TMPTMPTMP/gcc-round-two/antlr-runtime-3.4.jar --enable-java-awt=gtk --disable-gtktest --disable-multilib --target=x86_64-slackware-linux --build=x86_64-slackware-linux --host=x86_64-slackware-linux
Thread model: posix
gcc version 4.7.1 (GCC) 
configure:3425: $? = 0
configure:3414: gcc -V >&5
gcc: error: unrecognized command line option '-V'
gcc: fatal error: no input files
compilation terminated.
configure:3425: $? = 1
configure:3414: gcc -qversion >&5
gcc: error: unrecognized command line option '-qversion'
gcc: fatal error: no input files
compilation terminated.
configure:3425: $? = 1
configure:3445: checking whether the C compiler works
configure:3467: gcc    conftest.c  >&5
configure:3471: $? = 0
configure:3519: result: yes
configure:3522: checking for C compiler default output file name
configure:3524: result: a.out
configure:3530: checking for suffix of executables
configure:3537: gcc -o conftest    conftest.c  >&5
configure:3541: $? = 0
configure:3563: result: 
configure:3585: checking whether we are cross compiling
configure:3593: gcc -o conftest    conftest.c  >&5
configure:3597: $? = 0
configure:3604: ./conftest
configure:3608: $? = 0
configure:3623: result: no
configure:3628: checking for suffix of object files
configure:3650: gcc -c   conftest.c >&5
configure:3654: $? = 0
configure:3675: result: o
configure:3679: checking whether we are using the GNU C compiler
configure:3698: gcc -c   conftest.c >&5
configure:3698: $? = 0
configure:3707: result: yes
configure:3716: checking whether gcc accepts -g
configure:3736: gcc -c -g  conftest.c >&5
configure:3736: $? = 0
configure:3777: result: yes
configure:3794: checking for gcc option to accept ISO C89
configure:3857: gcc  -c -g -O2  conftest.c >&5
configure:3857: $? = 0
configure:3870: result: none needed
configure:3901: checking for style of include used by make
configure:3929: result: GNU
configure:3955: checking dependency style of gcc
configure:4066: result: gcc3
configure:4081: checking for gcc option to accept ISO C99
configure:4230: gcc  -c -g -O2  conftest.c >&5
conftest.c:61:29: error: expected ';', ',' or ')' before 'text'
conftest.c: In function 'main':
conftest.c:115:18: error: expected '=', ',', ';', 'asm' or '__attribute__' before 'newvar'
conftest.c:115:18: error: 'newvar' undeclared (first use in this function)
conftest.c:115:18: note: each undeclared identifier is reported only once for each function it appears in
conftest.c:125:3: error: 'for' loop initial declarations are only allowed in C99 mode
conftest.c:125:3: note: use option -std=c99 or -std=gnu99 to compile your code
configure:4230: $? = 1
configure: failed program was:
| /* confdefs.h */
| #define PACKAGE_NAME "openocd"
| #define PACKAGE_TARNAME "openocd"
| #define PACKAGE_VERSION "0.7.0"
| #define PACKAGE_STRING "openocd 0.7.0"
| #define PACKAGE_BUGREPORT "OpenOCD Mailing List <openocd-devel@lists.sourceforge.net>"
| #define PACKAGE_URL ""
| #define PACKAGE "openocd"
| #define VERSION "0.7.0"
| /* end confdefs.h.  */
| #include <stdarg.h>
| #include <stdbool.h>
| #include <stdlib.h>
| #include <wchar.h>
| #include <stdio.h>
| 
| // Check varargs macros.  These examples are taken from C99 6.10.3.5.
| #define debug(...) fprintf (stderr, __VA_ARGS__)
| #define showlist(...) puts (#__VA_ARGS__)
| #define report(test,...) ((test) ? puts (#test) : printf (__VA_ARGS__))
| static void
| test_varargs_macros (void)
| {
|   int x = 1234;
|   int y = 5678;
|   debug ("Flag");
|   debug ("X = %d\n", x);
|   showlist (The first, second, and third items.);
|   report (x>y, "x is %d but y is %d", x, y);
| }
| 
| // Check long long types.
| #define BIG64 18446744073709551615ull
| #define BIG32 4294967295ul
| #define BIG_OK (BIG64 / BIG32 == 4294967297ull && BIG64 % BIG32 == 0)
| #if !BIG_OK
|   your preprocessor is broken;
| #endif
| #if BIG_OK
| #else
|   your preprocessor is broken;
| #endif
| static long long int bignum = -9223372036854775807LL;
| static unsigned long long int ubignum = BIG64;
| 
| struct incomplete_array
| {
|   int datasize;
|   double data[];
| };
| 
| struct named_init {
|   int number;
|   const wchar_t *name;
|   double average;
| };
| 
| typedef const char *ccp;
| 
| static inline int
| test_restrict (ccp restrict text)
| {
|   // See if C++-style comments work.
|   // Iterate through items via the restricted pointer.
|   // Also check for declarations in for loops.
|   for (unsigned int i = 0; *(text+i) != '\0'; ++i)
|     continue;
|   return 0;
| }
| 
| // Check varargs and va_copy.
| static void
| test_varargs (const char *format, ...)
| {
|   va_list args;
|   va_start (args, format);
|   va_list args_copy;
|   va_copy (args_copy, args);
| 
|   const char *str;
|   int number;
|   float fnumber;
| 
|   while (*format)
|     {
|       switch (*format++)
| 	{
| 	case 's': // string
| 	  str = va_arg (args_copy, const char *);
| 	  break;
| 	case 'd': // int
| 	  number = va_arg (args_copy, int);
| 	  break;
| 	case 'f': // float
| 	  fnumber = va_arg (args_copy, double);
| 	  break;
| 	default:
| 	  break;
| 	}
|     }
|   va_end (args_copy);
|   va_end (args);
| }
| 
| int
| main ()
| {
| 
|   // Check bool.
|   _Bool success = false;
| 
|   // Check restrict.
|   if (test_restrict ("String literal") == 0)
|     success = true;
|   char *restrict newvar = "Another string";
| 
|   // Check varargs.
|   test_varargs ("s, d' f .", "string", 65, 34.234);
|   test_varargs_macros ();
| 
|   // Check flexible array members.
|   struct incomplete_array *ia =
|     malloc (sizeof (struct incomplete_array) + (sizeof (double) * 10));
|   ia->datasize = 10;
|   for (int i = 0; i < ia->datasize; ++i)
|     ia->data[i] = i * 1.234;
| 
|   // Check named initializers.
|   struct named_init ni = {
|     .number = 34,
|     .name = L"Test wide string",
|     .average = 543.34343,
|   };
| 
|   ni.number = 58;
| 
|   int dynamic_array[ni.number];
|   dynamic_array[ni.number - 1] = 543;
| 
|   // work around unused variable warnings
|   return (!success || bignum == 0LL || ubignum == 0uLL || newvar[0] == 'x'
| 	  || dynamic_array[ni.number - 1] != 543);
| 
|   ;
|   return 0;
| }
configure:4230: gcc -std=gnu99 -c -g -O2  conftest.c >&5
configure:4230: $? = 0
configure:4250: result: -std=gnu99
configure:4259: checking whether gcc -std=gnu99 and cc understand -c and -o together
configure:4290: gcc -std=gnu99 -c conftest.c -o conftest2.o >&5
configure:4294: $? = 0
configure:4300: gcc -std=gnu99 -c conftest.c -o conftest2.o >&5

## ---------------- ##
## Cache variables. ##
## ---------------- ##

ac_cv_c_compiler_gnu=yes
ac_cv_env_CC_set=
ac_cv_env_CC_value=
ac_cv_env_CFLAGS_set=
ac_cv_env_CFLAGS_value=
ac_cv_env_CPPFLAGS_set=
ac_cv_env_CPPFLAGS_value=
ac_cv_env_CPP_set=
ac_cv_env_CPP_value=
ac_cv_env_LDFLAGS_set=
ac_cv_env_LDFLAGS_value=
ac_cv_env_LIBS_set=
ac_cv_env_LIBS_value=
ac_cv_env_build_alias_set=
ac_cv_env_build_alias_value=
ac_cv_env_host_alias_set=
ac_cv_env_host_alias_value=
ac_cv_env_target_alias_set=
ac_cv_env_target_alias_value=
ac_cv_objext=o
ac_cv_path_install='/usr/bin/ginstall -c'
ac_cv_path_mkdir=/usr/bin/mkdir
ac_cv_prog_AWK=gawk
ac_cv_prog_ac_ct_CC=gcc
ac_cv_prog_cc_c89=
ac_cv_prog_cc_c99=-std=gnu99
ac_cv_prog_cc_g=yes
ac_cv_prog_make_make_set=yes
am_cv_CC_dependencies_compiler_type=gcc3
am_cv_make_support_nested_variables=yes

## ----------------- ##
## Output variables. ##
## ----------------- ##

ACLOCAL='${SHELL} /usr/local/src/openocd-0.7.0/missing aclocal-1.13'
AMDEPBACKSLASH='\'
AMDEP_FALSE='#'
AMDEP_TRUE=''
AMTAR='$${TAR-tar}'
AMTJTAGACCEL_FALSE=''
AMTJTAGACCEL_TRUE=''
AM_BACKSLASH='\'
AM_DEFAULT_V='$(AM_DEFAULT_VERBOSITY)'
AM_DEFAULT_VERBOSITY='1'
AM_V='$(V)'
AR=''
ARMJTAGEW_FALSE=''
ARMJTAGEW_TRUE=''
AT91RM9200_FALSE=''
AT91RM9200_TRUE=''
AUTOCONF='${SHELL} /usr/local/src/openocd-0.7.0/missing autoconf'
AUTOHEADER='${SHELL} /usr/local/src/openocd-0.7.0/missing autoheader'
AUTOMAKE='${SHELL} /usr/local/src/openocd-0.7.0/missing automake-1.13'
AWK='gawk'
BITBANG_FALSE=''
BITBANG_TRUE=''
BITQ_FALSE=''
BITQ_TRUE=''
BUSPIRATE_FALSE=''
BUSPIRATE_TRUE=''
CC='gcc -std=gnu99'
CCDEPMODE='depmode=gcc3'
CC_FOR_BUILD=''
CFLAGS='-g -O2'
CFLAGS_FOR_BUILD=''
CPP=''
CPPFLAGS=''
CYGPATH_W='echo'
DEFS=''
DEPDIR='.deps'
DLLTOOL=''
DSYMUTIL=''
DUMMY_FALSE=''
DUMMY_TRUE=''
DUMPBIN=''
ECHO_C=''
ECHO_N='-n'
ECHO_T=''
EGREP=''
EP93XX_FALSE=''
EP93XX_TRUE=''
EXEEXT=''
EXEEXT_FOR_BUILD=''
FGREP=''
FT2232_DRIVER_FALSE=''
FT2232_DRIVER_TRUE=''
FT2232_LIBFTDI_FALSE=''
FT2232_LIBFTDI_TRUE=''
FTDI_DRIVER_FALSE=''
FTDI_DRIVER_TRUE=''
GIVEIO_FALSE=''
GIVEIO_TRUE=''
GREP=''
GW16012_FALSE=''
GW16012_TRUE=''
HLADAPTER_FALSE=''
HLADAPTER_TRUE=''
INSTALL_DATA='${INSTALL} -m 644'
INSTALL_PROGRAM='${INSTALL}'
INSTALL_SCRIPT='${INSTALL}'
INSTALL_STRIP_PROGRAM='$(install_sh) -c -s'
INTERNAL_JIMTCL_FALSE=''
INTERNAL_JIMTCL_TRUE=''
IOUTIL_FALSE=''
IOUTIL_TRUE=''
IS_CYGWIN_FALSE=''
IS_CYGWIN_TRUE=''
IS_DARWIN_FALSE=''
IS_DARWIN_TRUE=''
IS_MINGW_FALSE=''
IS_MINGW_TRUE=''
IS_WIN32_FALSE=''
IS_WIN32_TRUE=''
JLINK_FALSE=''
JLINK_TRUE=''
LD=''
LDFLAGS=''
LIBOBJS=''
LIBS=''
LIBTOOL=''
LIBTOOL_DEPS=''
LIPO=''
LN_S=''
LTLIBOBJS=''
MAINT='#'
MAINTAINER_MODE_FALSE=''
MAINTAINER_MODE_TRUE='#'
MAKEINFO='${SHELL} /usr/local/src/openocd-0.7.0/missing makeinfo'
MANIFEST_TOOL=''
MINIDRIVER_DUMMY_FALSE=''
MINIDRIVER_DUMMY_TRUE=''
MINIDRIVER_FALSE=''
MINIDRIVER_TRUE=''
MKDIR_P='/usr/bin/mkdir -p'
NM=''
NMEDIT=''
OBJDUMP=''
OBJEXT='o'
OOCD_TRACE_FALSE=''
OOCD_TRACE_TRUE=''
OPENDOUS_FALSE=''
OPENDOUS_TRUE=''
OSBDM_FALSE=''
OSBDM_TRUE=''
OTOOL64=''
OTOOL=''
PACKAGE='openocd'
PACKAGE_BUGREPORT='OpenOCD Mailing List <openocd-devel@lists.sourceforge.net>'
PACKAGE_NAME='openocd'
PACKAGE_STRING='openocd 0.7.0'
PACKAGE_TARNAME='openocd'
PACKAGE_URL=''
PACKAGE_VERSION='0.7.0'
PARPORT_FALSE=''
PARPORT_TRUE=''
PATH_SEPARATOR=':'
PRESTO_DRIVER_FALSE=''
PRESTO_DRIVER_TRUE=''
PRESTO_LIBFTDI_FALSE=''
PRESTO_LIBFTDI_TRUE=''
RANLIB=''
RELEASE_FALSE=''
RELEASE_TRUE=''
REMOTE_BITBANG_FALSE=''
REMOTE_BITBANG_TRUE=''
RLINK_FALSE=''
RLINK_TRUE=''
SED=''
SET_MAKE=''
SHELL='/bin/sh'
STRIP=''
SYSFSGPIO_FALSE=''
SYSFSGPIO_TRUE=''
ULINK_FALSE=''
ULINK_TRUE=''
USBPROG_FALSE=''
USBPROG_TRUE=''
USB_BLASTER_DRIVER_FALSE=''
USB_BLASTER_DRIVER_TRUE=''
USB_BLASTER_LIBFTDI_FALSE=''
USB_BLASTER_LIBFTDI_TRUE=''
USB_FALSE=''
USB_NG_FALSE=''
USB_NG_TRUE=''
USB_TRUE=''
USE_LIBUSB0_FALSE=''
USE_LIBUSB0_TRUE=''
USE_LIBUSB1_FALSE=''
USE_LIBUSB1_TRUE=''
VERSION='0.7.0'
VSLLINK_FALSE=''
VSLLINK_TRUE=''
ZY1000_FALSE=''
ZY1000_MASTER_FALSE=''
ZY1000_MASTER_TRUE=''
ZY1000_TRUE=''
ac_ct_AR=''
ac_ct_CC='gcc'
ac_ct_DUMPBIN=''
am__EXEEXT_FALSE=''
am__EXEEXT_TRUE=''
am__fastdepCC_FALSE='#'
am__fastdepCC_TRUE=''
am__include='include'
am__isrc=''
am__leading_dot='.'
am__nodep='_no'
am__quote=''
am__tar='$${TAR-tar} chof - "$$tardir"'
am__untar='$${TAR-tar} xf -'
bindir='${exec_prefix}/bin'
build=''
build_alias=''
build_cpu=''
build_os=''
build_vendor=''
datadir='${datarootdir}'
datarootdir='${prefix}/share'
docdir='${datarootdir}/doc/${PACKAGE_TARNAME}'
doxygen_as_html=''
doxygen_as_pdf=''
dvidir='${docdir}'
exec_prefix='NONE'
host=''
host_alias=''
host_cpu=''
host_os=''
host_vendor=''
htmldir='${docdir}'
includedir='${prefix}/include'
infodir='${datarootdir}/info'
install_sh='${SHELL} /usr/local/src/openocd-0.7.0/install-sh'
libdir='${exec_prefix}/lib'
libexecdir='${exec_prefix}/libexec'
localedir='${datarootdir}/locale'
localstatedir='${prefix}/var'
mandir='${datarootdir}/man'
mkdir_p='$(MKDIR_P)'
oldincludedir='/usr/include'
pdfdir='${docdir}'
prefix='NONE'
program_transform_name='s,x,x,'
psdir='${docdir}'
sbindir='${exec_prefix}/sbin'
sharedstatedir='${prefix}/com'
subdirs=''
sysconfdir='${prefix}/etc'
target_alias=''

## ----------- ##
## confdefs.h. ##
## ----------- ##

/* confdefs.h */
#define PACKAGE_NAME "openocd"
#define PACKAGE_TARNAME "openocd"
#define PACKAGE_VERSION "0.7.0"
#define PACKAGE_STRING "openocd 0.7.0"
#define PACKAGE_BUGREPORT "OpenOCD Mailing List <openocd-devel@lists.sourceforge.net>"
#define PACKAGE_URL ""
#define PACKAGE "openocd"
#define VERSION "0.7.0"

configure: caught signal 2
configure: exit 1
